
*** Running vivado
    with args -log traffic_control.vds -m64 -product Vivado -mode batch -messageDb vivado.pb -notrace -source traffic_control.tcl



****** Vivado v2022.2 (64-bit)
  **** SW Build 3671981 on Fri Oct 14 05:00:03 MDT 2022
  **** IP Build 3669848 on Fri Oct 14 08:30:02 MDT 2022
    ** Copyright 1986-2022 Xilinx, Inc. All Rights Reserved.

source traffic_control.tcl -notrace
Command: read_checkpoint -auto_incremental -incremental C:/Users/HOME/Downloads/trafficlight/project_1/project_1.srcs/utils_1/imports/synth_1/traffic_control_tb.dcp
INFO: [Vivado 12-5825] Read reference checkpoint from C:/Users/HOME/Downloads/trafficlight/project_1/project_1.srcs/utils_1/imports/synth_1/traffic_control_tb.dcp for incremental synthesis
INFO: [Vivado 12-7989] Please ensure there are no constraint changes
Command: synth_design -top traffic_control -part xc7z020clg400-1
Starting synth_design
Attempting to get a license for feature 'Synthesis' and/or device 'xc7z020'
INFO: [Common 17-349] Got license for feature 'Synthesis' and/or device 'xc7z020'
INFO: [Device 21-403] Loading part xc7z020clg400-1
INFO: [Designutils 20-5440] No compile time benefit to using incremental synthesis; A full resynthesis will be run
INFO: [Designutils 20-4379] Flow is switching to default flow due to incremental criteria not met. If you would like to alter this behaviour and have the flow terminate instead, please set the following parameter config_implementation {autoIncr.Synth.RejectBehavior Terminate}
INFO: [Synth 8-7079] Multithreading enabled for synth_design using a maximum of 2 processes.
INFO: [Synth 8-7078] Launching helper process for spawning children vivado processes
INFO: [Synth 8-7075] Helper process launched with PID 20040
INFO: [Synth 8-11241] undeclared symbol 'REGCCE', assumed default net type 'wire' [D:/Vivado/2022.2/data/verilog/src/unimacro/BRAM_SINGLE_MACRO.v:2170]
---------------------------------------------------------------------------------
Starting RTL Elaboration : Time (s): cpu = 00:00:04 ; elapsed = 00:00:05 . Memory (MB): peak = 1239.309 ; gain = 413.770
---------------------------------------------------------------------------------
INFO: [Synth 8-6157] synthesizing module 'traffic_control' [C:/Users/HOME/Downloads/trafficlight/project_1/project_1.srcs/sources_1/imports/trafficlight/traffic_ASM.v:150]
INFO: [Synth 8-6157] synthesizing module 'clockDiv' [C:/Users/HOME/Downloads/trafficlight/project_1/project_1.srcs/sources_1/imports/trafficlight/clockDiv.v:23]
INFO: [Synth 8-6155] done synthesizing module 'clockDiv' (0#1) [C:/Users/HOME/Downloads/trafficlight/project_1/project_1.srcs/sources_1/imports/trafficlight/clockDiv.v:23]
INFO: [Synth 8-155] case statement is not full and has no default [C:/Users/HOME/Downloads/trafficlight/project_1/project_1.srcs/sources_1/imports/trafficlight/traffic_ASM.v:185]
INFO: [Synth 8-155] case statement is not full and has no default [C:/Users/HOME/Downloads/trafficlight/project_1/project_1.srcs/sources_1/imports/trafficlight/traffic_ASM.v:273]
WARNING: [Synth 8-567] referenced signal 'check2' should be on the sensitivity list [C:/Users/HOME/Downloads/trafficlight/project_1/project_1.srcs/sources_1/imports/trafficlight/traffic_ASM.v:271]
WARNING: [Synth 8-567] referenced signal 'check0' should be on the sensitivity list [C:/Users/HOME/Downloads/trafficlight/project_1/project_1.srcs/sources_1/imports/trafficlight/traffic_ASM.v:271]
WARNING: [Synth 8-567] referenced signal 'check1' should be on the sensitivity list [C:/Users/HOME/Downloads/trafficlight/project_1/project_1.srcs/sources_1/imports/trafficlight/traffic_ASM.v:271]
INFO: [Synth 8-6155] done synthesizing module 'traffic_control' (0#1) [C:/Users/HOME/Downloads/trafficlight/project_1/project_1.srcs/sources_1/imports/trafficlight/traffic_ASM.v:150]
---------------------------------------------------------------------------------
Finished RTL Elaboration : Time (s): cpu = 00:00:05 ; elapsed = 00:00:06 . Memory (MB): peak = 1329.793 ; gain = 504.254
---------------------------------------------------------------------------------
---------------------------------------------------------------------------------
Start Handling Custom Attributes
---------------------------------------------------------------------------------
---------------------------------------------------------------------------------
Finished Handling Custom Attributes : Time (s): cpu = 00:00:05 ; elapsed = 00:00:06 . Memory (MB): peak = 1329.793 ; gain = 504.254
---------------------------------------------------------------------------------
---------------------------------------------------------------------------------
Finished RTL Optimization Phase 1 : Time (s): cpu = 00:00:05 ; elapsed = 00:00:06 . Memory (MB): peak = 1329.793 ; gain = 504.254
---------------------------------------------------------------------------------
Netlist sorting complete. Time (s): cpu = 00:00:00 ; elapsed = 00:00:00.001 . Memory (MB): peak = 1329.793 ; gain = 0.000
INFO: [Project 1-570] Preparing netlist for logic optimization

Processing XDC Constraints
Initializing timing engine
Parsing XDC File [C:/Users/HOME/Downloads/trafficlight/project_1/project_1.srcs/constrs_2/imports/trafficlight/Arty-Z7-20-Extension-board-Master.xdc]
WARNING: [Vivado 12-584] No ports matched 'rst'. [C:/Users/HOME/Downloads/trafficlight/project_1/project_1.srcs/constrs_2/imports/trafficlight/Arty-Z7-20-Extension-board-Master.xdc:13]
CRITICAL WARNING: [Common 17-55] 'set_property' expects at least one object. [C:/Users/HOME/Downloads/trafficlight/project_1/project_1.srcs/constrs_2/imports/trafficlight/Arty-Z7-20-Extension-board-Master.xdc:13]
Resolution: If [get_<value>] was used to populate the object, check to make sure this command returns at least one valid object.
Finished Parsing XDC File [C:/Users/HOME/Downloads/trafficlight/project_1/project_1.srcs/constrs_2/imports/trafficlight/Arty-Z7-20-Extension-board-Master.xdc]
INFO: [Project 1-236] Implementation specific constraints were found while reading constraint file [C:/Users/HOME/Downloads/trafficlight/project_1/project_1.srcs/constrs_2/imports/trafficlight/Arty-Z7-20-Extension-board-Master.xdc]. These constraints will be ignored for synthesis but will be used in implementation. Impacted constraints are listed in the file [.Xil/traffic_control_propImpl.xdc].
Resolution: To avoid this warning, move constraints listed in [.Xil/traffic_control_propImpl.xdc] to another XDC file and exclude this new file from synthesis with the used_in_synthesis property (File Properties dialog in GUI) and re-run elaboration/synthesis.
Completed Processing XDC Constraints

Netlist sorting complete. Time (s): cpu = 00:00:00 ; elapsed = 00:00:00 . Memory (MB): peak = 1380.871 ; gain = 0.000
INFO: [Project 1-111] Unisim Transformation Summary:
No Unisim elements were transformed.

Constraint Validation Runtime : Time (s): cpu = 00:00:00 ; elapsed = 00:00:00.001 . Memory (MB): peak = 1380.871 ; gain = 0.000
INFO: [Designutils 20-5440] No compile time benefit to using incremental synthesis; A full resynthesis will be run
INFO: [Designutils 20-4379] Flow is switching to default flow due to incremental criteria not met. If you would like to alter this behaviour and have the flow terminate instead, please set the following parameter config_implementation {autoIncr.Synth.RejectBehavior Terminate}
INFO: [Synth 8-11241] undeclared symbol 'REGCCE', assumed default net type 'wire' [D:/Vivado/2022.2/data/verilog/src/unimacro/BRAM_SINGLE_MACRO.v:2170]
---------------------------------------------------------------------------------
Finished Constraint Validation : Time (s): cpu = 00:00:10 ; elapsed = 00:00:12 . Memory (MB): peak = 1380.871 ; gain = 555.332
---------------------------------------------------------------------------------
---------------------------------------------------------------------------------
Start Loading Part and Timing Information
---------------------------------------------------------------------------------
Loading part: xc7z020clg400-1
---------------------------------------------------------------------------------
Finished Loading Part and Timing Information : Time (s): cpu = 00:00:10 ; elapsed = 00:00:12 . Memory (MB): peak = 1380.871 ; gain = 555.332
---------------------------------------------------------------------------------
---------------------------------------------------------------------------------
Start Applying 'set_property' XDC Constraints
---------------------------------------------------------------------------------
---------------------------------------------------------------------------------
Finished applying 'set_property' XDC Constraints : Time (s): cpu = 00:00:10 ; elapsed = 00:00:12 . Memory (MB): peak = 1380.871 ; gain = 555.332
---------------------------------------------------------------------------------
INFO: [Synth 8-802] inferred FSM for state register 'state_reg' in module 'traffic_control'
---------------------------------------------------------------------------------------------------
                   State |                     New Encoding |                Previous Encoding 
---------------------------------------------------------------------------------------------------
                     One |                               00 |                              000
                    Four |                               01 |                              011
                     Two |                               10 |                              001
                   Three |                               11 |                              010
---------------------------------------------------------------------------------------------------
INFO: [Synth 8-3354] encoded FSM with state register 'state_reg' using encoding 'sequential' in module 'traffic_control'
WARNING: [Synth 8-327] inferring latch for variable 'A_lights_reg' [C:/Users/HOME/Downloads/trafficlight/project_1/project_1.srcs/sources_1/imports/trafficlight/traffic_ASM.v:276]
WARNING: [Synth 8-327] inferring latch for variable 'B_lights_reg' [C:/Users/HOME/Downloads/trafficlight/project_1/project_1.srcs/sources_1/imports/trafficlight/traffic_ASM.v:277]
---------------------------------------------------------------------------------
Finished RTL Optimization Phase 2 : Time (s): cpu = 00:00:10 ; elapsed = 00:00:12 . Memory (MB): peak = 1380.871 ; gain = 555.332
---------------------------------------------------------------------------------
---------------------------------------------------------------------------------
Start RTL Component Statistics 
---------------------------------------------------------------------------------
Detailed RTL Component Info : 
+---Adders : 
	   2 Input    4 Bit       Adders := 1     
	   2 Input    3 Bit       Adders := 1     
+---Registers : 
	                4 Bit    Registers := 1     
	                3 Bit    Registers := 1     
	                1 Bit    Registers := 4     
+---Muxes : 
	   2 Input    4 Bit        Muxes := 2     
	   2 Input    3 Bit        Muxes := 2     
	   4 Input    3 Bit        Muxes := 2     
	   3 Input    2 Bit        Muxes := 1     
	   2 Input    2 Bit        Muxes := 1     
	  12 Input    2 Bit        Muxes := 1     
	   4 Input    1 Bit        Muxes := 3     
	   2 Input    1 Bit        Muxes := 4     
---------------------------------------------------------------------------------
Finished RTL Component Statistics 
---------------------------------------------------------------------------------
---------------------------------------------------------------------------------
Start Part Resource Summary
---------------------------------------------------------------------------------
Part Resources:
DSPs: 220 (col length:60)
BRAMs: 280 (col length: RAMB18 60 RAMB36 30)
---------------------------------------------------------------------------------
Finished Part Resource Summary
---------------------------------------------------------------------------------
---------------------------------------------------------------------------------
Start Cross Boundary and Area Optimization
---------------------------------------------------------------------------------
WARNING: [Synth 8-7080] Parallel synthesis criteria is not met
WARNING: [Synth 8-3332] Sequential element (A_lights_reg[2]) is unused and will be removed from module traffic_control.
WARNING: [Synth 8-3332] Sequential element (A_lights_reg[1]) is unused and will be removed from module traffic_control.
WARNING: [Synth 8-3332] Sequential element (A_lights_reg[0]) is unused and will be removed from module traffic_control.
WARNING: [Synth 8-3332] Sequential element (B_lights_reg[2]) is unused and will be removed from module traffic_control.
WARNING: [Synth 8-3332] Sequential element (B_lights_reg[1]) is unused and will be removed from module traffic_control.
WARNING: [Synth 8-3332] Sequential element (B_lights_reg[0]) is unused and will be removed from module traffic_control.
---------------------------------------------------------------------------------
Finished Cross Boundary and Area Optimization : Time (s): cpu = 00:00:12 ; elapsed = 00:00:14 . Memory (MB): peak = 1380.871 ; gain = 555.332
---------------------------------------------------------------------------------
---------------------------------------------------------------------------------
Start Applying XDC Timing Constraints
---------------------------------------------------------------------------------
---------------------------------------------------------------------------------
Finished Applying XDC Timing Constraints : Time (s): cpu = 00:00:16 ; elapsed = 00:00:19 . Memory (MB): peak = 1380.871 ; gain = 555.332
---------------------------------------------------------------------------------
---------------------------------------------------------------------------------
Start Timing Optimization
---------------------------------------------------------------------------------
---------------------------------------------------------------------------------
Finished Timing Optimization : Time (s): cpu = 00:00:16 ; elapsed = 00:00:19 . Memory (MB): peak = 1380.871 ; gain = 555.332
---------------------------------------------------------------------------------
---------------------------------------------------------------------------------
Start Technology Mapping
---------------------------------------------------------------------------------
---------------------------------------------------------------------------------
Finished Technology Mapping : Time (s): cpu = 00:00:16 ; elapsed = 00:00:19 . Memory (MB): peak = 1380.871 ; gain = 555.332
---------------------------------------------------------------------------------
---------------------------------------------------------------------------------
Start IO Insertion
---------------------------------------------------------------------------------
---------------------------------------------------------------------------------
Start Flattening Before IO Insertion
---------------------------------------------------------------------------------
---------------------------------------------------------------------------------
Finished Flattening Before IO Insertion
---------------------------------------------------------------------------------
---------------------------------------------------------------------------------
Start Final Netlist Cleanup
---------------------------------------------------------------------------------
---------------------------------------------------------------------------------
Finished Final Netlist Cleanup
---------------------------------------------------------------------------------
---------------------------------------------------------------------------------
Finished IO Insertion : Time (s): cpu = 00:00:19 ; elapsed = 00:00:22 . Memory (MB): peak = 1380.871 ; gain = 555.332
---------------------------------------------------------------------------------
---------------------------------------------------------------------------------
Start Renaming Generated Instances
---------------------------------------------------------------------------------
---------------------------------------------------------------------------------
Finished Renaming Generated Instances : Time (s): cpu = 00:00:19 ; elapsed = 00:00:22 . Memory (MB): peak = 1380.871 ; gain = 555.332
---------------------------------------------------------------------------------
---------------------------------------------------------------------------------
Start Rebuilding User Hierarchy
---------------------------------------------------------------------------------
---------------------------------------------------------------------------------
Finished Rebuilding User Hierarchy : Time (s): cpu = 00:00:19 ; elapsed = 00:00:22 . Memory (MB): peak = 1380.871 ; gain = 555.332
---------------------------------------------------------------------------------
---------------------------------------------------------------------------------
Start Renaming Generated Ports
---------------------------------------------------------------------------------
---------------------------------------------------------------------------------
Finished Renaming Generated Ports : Time (s): cpu = 00:00:19 ; elapsed = 00:00:22 . Memory (MB): peak = 1380.871 ; gain = 555.332
---------------------------------------------------------------------------------
---------------------------------------------------------------------------------
Start Handling Custom Attributes
---------------------------------------------------------------------------------
---------------------------------------------------------------------------------
Finished Handling Custom Attributes : Time (s): cpu = 00:00:19 ; elapsed = 00:00:22 . Memory (MB): peak = 1380.871 ; gain = 555.332
---------------------------------------------------------------------------------
---------------------------------------------------------------------------------
Start Renaming Generated Nets
---------------------------------------------------------------------------------
---------------------------------------------------------------------------------
Finished Renaming Generated Nets : Time (s): cpu = 00:00:19 ; elapsed = 00:00:22 . Memory (MB): peak = 1380.871 ; gain = 555.332
---------------------------------------------------------------------------------
---------------------------------------------------------------------------------
Start Writing Synthesis Report
---------------------------------------------------------------------------------

Report BlackBoxes: 
+-+--------------+----------+
| |BlackBox name |Instances |
+-+--------------+----------+
+-+--------------+----------+

Report Cell Usage: 
+------+-------+------+
|      |Cell   |Count |
+------+-------+------+
|1     |BUFG   |     1|
|2     |CARRY4 |     7|
|3     |LUT1   |     1|
|4     |LUT2   |     7|
|5     |LUT3   |     6|
|6     |LUT4   |     3|
|7     |LUT5   |     2|
|8     |LUT6   |    12|
|9     |FDCE   |     9|
|10    |FDPE   |     2|
|11    |FDRE   |    28|
|12    |IBUF   |     4|
|13    |OBUF   |    10|
+------+-------+------+
---------------------------------------------------------------------------------
Finished Writing Synthesis Report : Time (s): cpu = 00:00:19 ; elapsed = 00:00:22 . Memory (MB): peak = 1380.871 ; gain = 555.332
---------------------------------------------------------------------------------
Synthesis finished with 0 errors, 0 critical warnings and 9 warnings.
Synthesis Optimization Runtime : Time (s): cpu = 00:00:13 ; elapsed = 00:00:21 . Memory (MB): peak = 1380.871 ; gain = 504.254
Synthesis Optimization Complete : Time (s): cpu = 00:00:19 ; elapsed = 00:00:23 . Memory (MB): peak = 1380.871 ; gain = 555.332
INFO: [Project 1-571] Translating synthesized netlist
Netlist sorting complete. Time (s): cpu = 00:00:00 ; elapsed = 00:00:00.001 . Memory (MB): peak = 1380.871 ; gain = 0.000
INFO: [Netlist 29-17] Analyzing 7 Unisim elements for replacement
INFO: [Netlist 29-28] Unisim Transformation completed in 0 CPU seconds
INFO: [Project 1-570] Preparing netlist for logic optimization
INFO: [Opt 31-138] Pushed 0 inverter(s) to 0 load pin(s).
Netlist sorting complete. Time (s): cpu = 00:00:00 ; elapsed = 00:00:00 . Memory (MB): peak = 1383.371 ; gain = 0.000
INFO: [Project 1-111] Unisim Transformation Summary:
No Unisim elements were transformed.

Synth Design complete, checksum: 90da1225
INFO: [Common 17-83] Releasing license: Synthesis
31 Infos, 13 Warnings, 1 Critical Warnings and 0 Errors encountered.
synth_design completed successfully
synth_design: Time (s): cpu = 00:00:23 ; elapsed = 00:00:32 . Memory (MB): peak = 1383.371 ; gain = 964.383
INFO: [runtcl-6] Synthesis results are not added to the cache due to CRITICAL_WARNING
INFO: [Common 17-1381] The checkpoint 'C:/Users/HOME/Downloads/trafficlight/project_1/project_1.runs/synth_1/traffic_control.dcp' has been generated.
INFO: [runtcl-4] Executing : report_utilization -file traffic_control_utilization_synth.rpt -pb traffic_control_utilization_synth.pb
INFO: [Common 17-206] Exiting Vivado at Thu Apr 27 08:58:57 2023...
